[2020-06-16 09:40:14.014] [org.springframework.boot.StartupInfoLogger] [main] [48] [INFO ] Starting DemoApplication on fanzhuo with PID 4004 (E:\IDEA\IdeaProject\target\classes started by 范卓 in E:\IDEA\IdeaProject)
[2020-06-16 09:40:14.014] [org.springframework.boot.SpringApplication] [main] [597] [INFO ] The following profiles are active: dev
[2020-06-16 09:40:14.014] [org.springframework.context.support.AbstractApplicationContext] [main] [583] [INFO ] Refreshing org.springframework.boot.context.embedded.AnnotationConfigEmbeddedWebApplicationContext@3eb81efb: startup date [Tue Jun 16 09:40:14 CST 2020]; root of context hierarchy
[2020-06-16 09:40:14.014] [org.hibernate.validator.internal.util.Version] [background-preinit] [30] [INFO ] HV000001: Hibernate Validator 5.3.6.Final
[2020-06-16 09:40:15.015] [org.springframework.data.repository.config.RepositoryConfigurationDelegate] [main] [165] [INFO ] Multiple Spring Data modules found, entering strict repository configuration mode!
[2020-06-16 09:40:15.015] [org.springframework.context.support.PostProcessorRegistrationDelegate$BeanPostProcessorChecker] [main] [327] [INFO ] Bean 'org.springframework.transaction.annotation.ProxyTransactionManagementConfiguration' of type [org.springframework.transaction.annotation.ProxyTransactionManagementConfiguration$$EnhancerBySpringCGLIB$$fb2a2917] is not eligible for getting processed by all BeanPostProcessors (for example: not eligible for auto-proxying)
[2020-06-16 09:40:16.016] [org.springframework.boot.context.embedded.tomcat.TomcatEmbeddedServletContainer] [main] [89] [INFO ] Tomcat initialized with port(s): 1990 (http)
[2020-06-16 09:40:16.016] [org.apache.juli.logging.DirectJDKLog] [main] [179] [INFO ] Starting service [Tomcat]
[2020-06-16 09:40:16.016] [org.apache.juli.logging.DirectJDKLog] [main] [179] [INFO ] Starting Servlet Engine: Apache Tomcat/8.5.23
[2020-06-16 09:40:16.016] [org.apache.juli.logging.DirectJDKLog] [localhost-startStop-1] [179] [INFO ] Initializing Spring embedded WebApplicationContext
[2020-06-16 09:40:16.016] [org.springframework.boot.context.embedded.EmbeddedWebApplicationContext] [localhost-startStop-1] [276] [INFO ] Root WebApplicationContext: initialization completed in 2203 ms
[2020-06-16 09:40:16.016] [org.springframework.boot.web.servlet.ServletRegistrationBean] [localhost-startStop-1] [190] [INFO ] Mapping servlet: 'dispatcherServlet' to [/]
[2020-06-16 09:40:16.016] [org.springframework.boot.web.servlet.AbstractFilterRegistrationBean] [localhost-startStop-1] [258] [INFO ] Mapping filter: 'characterEncodingFilter' to: [/*]
[2020-06-16 09:40:16.016] [org.springframework.boot.web.servlet.AbstractFilterRegistrationBean] [localhost-startStop-1] [258] [INFO ] Mapping filter: 'hiddenHttpMethodFilter' to: [/*]
[2020-06-16 09:40:16.016] [org.springframework.boot.web.servlet.AbstractFilterRegistrationBean] [localhost-startStop-1] [258] [INFO ] Mapping filter: 'httpPutFormContentFilter' to: [/*]
[2020-06-16 09:40:16.016] [org.springframework.boot.web.servlet.AbstractFilterRegistrationBean] [localhost-startStop-1] [258] [INFO ] Mapping filter: 'requestContextFilter' to: [/*]
[2020-06-16 09:40:16.016] [org.springframework.boot.web.servlet.AbstractFilterRegistrationBean] [localhost-startStop-1] [258] [INFO ] Mapping filter: 'productionSecurityFilter' to: [/*]
[2020-06-16 09:40:16.016] [org.springframework.boot.web.servlet.AbstractFilterRegistrationBean] [localhost-startStop-1] [258] [INFO ] Mapping filter: 'securityBasicAuthFilter' to: [/*]
[2020-06-16 09:40:18.018] [org.springframework.web.servlet.handler.AbstractHandlerMethodMapping$MappingRegistry] [main] [543] [INFO ] Mapped "{[/hello/world],methods=[GET]}" onto java.lang.String com.kgc.demo.controller.HelloWorld.say()
[2020-06-16 09:40:18.018] [org.springframework.web.servlet.handler.AbstractHandlerMethodMapping$MappingRegistry] [main] [543] [INFO ] Mapped "{[/ios/getAddress],methods=[GET]}" onto public void com.kgc.demo.controller.IosController.getAddr()
[2020-06-16 09:40:18.018] [org.springframework.web.servlet.handler.AbstractHandlerMethodMapping$MappingRegistry] [main] [543] [INFO ] Mapped "{[/student/query],methods=[GET]}" onto public com.kgc.demo.utils.ReturnResult<com.kgc.demo.dto.Student> com.kgc.demo.controller.StudentController.queryStudent()
[2020-06-16 09:40:18.018] [org.springframework.web.servlet.handler.AbstractHandlerMethodMapping$MappingRegistry] [main] [543] [INFO ] Mapped "{[/user/delEmployees],methods=[POST]}" onto public com.kgc.demo.utils.ReturnResult com.kgc.demo.controller.UsersController.delEmployees(java.lang.Integer)
[2020-06-16 09:40:18.018] [org.springframework.web.servlet.handler.AbstractHandlerMethodMapping$MappingRegistry] [main] [543] [INFO ] Mapped "{[/user/sendEmail],methods=[GET]}" onto public com.kgc.demo.utils.ReturnResult com.kgc.demo.controller.UsersController.sendEamil() throws java.lang.InterruptedException
[2020-06-16 09:40:18.018] [org.springframework.web.servlet.handler.AbstractHandlerMethodMapping$MappingRegistry] [main] [543] [INFO ] Mapped "{[/user/find],methods=[POST]}" onto public com.kgc.demo.utils.ReturnResult<com.kgc.demo.vo.FanuserVo> com.kgc.demo.controller.UsersController.getFanuser(int,java.lang.Integer...)
[2020-06-16 09:40:18.018] [org.springframework.web.servlet.handler.AbstractHandlerMethodMapping$MappingRegistry] [main] [543] [INFO ] Mapped "{[/user/toLogin],methods=[POST]}" onto public com.kgc.demo.utils.ReturnResult<java.lang.Boolean> com.kgc.demo.controller.UsersController.toLogin(com.kgc.demo.vo.FanuserVo) throws java.lang.Exception
[2020-06-16 09:40:18.018] [org.springframework.web.servlet.handler.AbstractHandlerMethodMapping$MappingRegistry] [main] [543] [INFO ] Mapped "{[/user/getEmployeePage],methods=[GET]}" onto public com.kgc.demo.utils.ReturnResult<com.kgc.demo.vo.EmployeeVo> com.kgc.demo.controller.UsersController.getEmployeePage(int,java.lang.String) throws java.lang.Throwable
[2020-06-16 09:40:18.018] [org.springframework.web.servlet.handler.AbstractHandlerMethodMapping$MappingRegistry] [main] [543] [INFO ] Mapped "{[/user/addEmployee],methods=[POST]}" onto public com.kgc.demo.utils.ReturnResult com.kgc.demo.controller.UsersController.addEmployee(com.kgc.demo.vo.EmployeeVo) throws java.lang.Throwable
[2020-06-16 09:40:18.018] [org.springframework.web.servlet.handler.AbstractHandlerMethodMapping$MappingRegistry] [main] [543] [INFO ] Mapped "{[/user/updateEmployee],methods=[POST]}" onto public com.kgc.demo.utils.ReturnResult com.kgc.demo.controller.UsersController.updateEmployee(com.kgc.demo.vo.EmployeeVo) throws java.lang.Throwable
[2020-06-16 09:40:18.018] [org.springframework.web.servlet.handler.AbstractHandlerMethodMapping$MappingRegistry] [main] [543] [INFO ] Mapped "{[/user/toRegUser],methods=[POST]}" onto public com.kgc.demo.utils.ReturnResult com.kgc.demo.controller.UsersController.toRegUser(com.kgc.demo.vo.FanuserVo) throws java.lang.Exception
[2020-06-16 09:40:18.018] [org.springframework.web.servlet.handler.AbstractHandlerMethodMapping$MappingRegistry] [main] [543] [INFO ] Mapped "{[/swagger-resources]}" onto public org.springframework.http.ResponseEntity<java.util.List<springfox.documentation.swagger.web.SwaggerResource>> springfox.documentation.swagger.web.ApiResourceController.swaggerResources()
[2020-06-16 09:40:18.018] [org.springframework.web.servlet.handler.AbstractHandlerMethodMapping$MappingRegistry] [main] [543] [INFO ] Mapped "{[/swagger-resources/configuration/ui]}" onto public org.springframework.http.ResponseEntity<springfox.documentation.swagger.web.UiConfiguration> springfox.documentation.swagger.web.ApiResourceController.uiConfiguration()
[2020-06-16 09:40:18.018] [org.springframework.web.servlet.handler.AbstractHandlerMethodMapping$MappingRegistry] [main] [543] [INFO ] Mapped "{[/swagger-resources/configuration/security]}" onto public org.springframework.http.ResponseEntity<springfox.documentation.swagger.web.SecurityConfiguration> springfox.documentation.swagger.web.ApiResourceController.securityConfiguration()
[2020-06-16 09:40:18.018] [org.springframework.web.servlet.handler.AbstractHandlerMethodMapping$MappingRegistry] [main] [543] [INFO ] Mapped "{[/v2/api-docs-ext],methods=[GET],produces=[application/json || application/hal+json]}" onto public org.springframework.http.ResponseEntity<springfox.documentation.spring.web.json.Json> com.github.xiaoymin.swaggerbootstrapui.web.SwaggerBootstrapUiController.apiSorts(java.lang.String,javax.servlet.http.HttpServletRequest)
[2020-06-16 09:40:18.018] [org.springframework.web.servlet.handler.AbstractHandlerMethodMapping$MappingRegistry] [main] [543] [INFO ] Mapped "{[/error]}" onto public org.springframework.http.ResponseEntity<java.util.Map<java.lang.String, java.lang.Object>> org.springframework.boot.autoconfigure.web.BasicErrorController.error(javax.servlet.http.HttpServletRequest)
[2020-06-16 09:40:18.018] [org.springframework.web.servlet.handler.AbstractHandlerMethodMapping$MappingRegistry] [main] [543] [INFO ] Mapped "{[/error],produces=[text/html]}" onto public org.springframework.web.servlet.ModelAndView org.springframework.boot.autoconfigure.web.BasicErrorController.errorHtml(javax.servlet.http.HttpServletRequest,javax.servlet.http.HttpServletResponse)
[2020-06-16 09:40:18.018] [springfox.documentation.spring.web.PropertySourcedRequestMappingHandlerMapping] [main] [69] [INFO ] Mapped URL path [/v2/api-docs] onto method [public org.springframework.http.ResponseEntity<springfox.documentation.spring.web.json.Json> springfox.documentation.swagger2.web.Swagger2Controller.getDocumentation(java.lang.String,javax.servlet.http.HttpServletRequest)]
[2020-06-16 09:40:18.018] [org.springframework.scheduling.concurrent.ExecutorConfigurationSupport] [main] [165] [INFO ] Initializing ExecutorService  'taskExcutor'
[2020-06-16 09:40:18.018] [org.springframework.web.servlet.mvc.method.annotation.RequestMappingHandlerAdapter] [main] [534] [INFO ] Looking for @ControllerAdvice: org.springframework.boot.context.embedded.AnnotationConfigEmbeddedWebApplicationContext@3eb81efb: startup date [Tue Jun 16 09:40:14 CST 2020]; root of context hierarchy
[2020-06-16 09:40:18.018] [org.springframework.web.servlet.handler.AbstractUrlHandlerMapping] [main] [362] [INFO ] Mapped URL path [/webjars/**] onto handler of type [class org.springframework.web.servlet.resource.ResourceHttpRequestHandler]
[2020-06-16 09:40:18.018] [org.springframework.web.servlet.handler.AbstractUrlHandlerMapping] [main] [362] [INFO ] Mapped URL path [/**] onto handler of type [class org.springframework.web.servlet.resource.ResourceHttpRequestHandler]
[2020-06-16 09:40:18.018] [org.springframework.web.servlet.handler.AbstractUrlHandlerMapping] [main] [362] [INFO ] Mapped URL path [/**/favicon.ico] onto handler of type [class org.springframework.web.servlet.resource.ResourceHttpRequestHandler]
[2020-06-16 09:40:19.019] [org.springframework.jmx.export.MBeanExporter] [main] [431] [INFO ] Registering beans for JMX exposure on startup
[2020-06-16 09:40:19.019] [org.springframework.context.support.DefaultLifecycleProcessor$LifecycleGroup] [main] [343] [INFO ] Starting beans in phase 2147483647
[2020-06-16 09:40:19.019] [springfox.documentation.spring.web.plugins.DocumentationPluginsBootstrapper] [main] [160] [INFO ] Context refreshed
[2020-06-16 09:40:19.019] [springfox.documentation.spring.web.plugins.DocumentationPluginsBootstrapper] [main] [163] [INFO ] Found 1 custom documentation plugin(s)
[2020-06-16 09:40:19.019] [springfox.documentation.spring.web.scanners.ApiListingReferenceScanner] [main] [41] [INFO ] Scanning for api listing references
[2020-06-16 09:40:19.019] [org.apache.juli.logging.DirectJDKLog] [main] [179] [INFO ] Initializing ProtocolHandler ["http-nio-1990"]
[2020-06-16 09:40:19.019] [org.apache.juli.logging.DirectJDKLog] [main] [179] [INFO ] Starting ProtocolHandler ["http-nio-1990"]
[2020-06-16 09:40:19.019] [org.apache.juli.logging.DirectJDKLog] [main] [179] [INFO ] Using a shared selector for servlet write/read
[2020-06-16 09:40:19.019] [org.springframework.boot.context.embedded.tomcat.TomcatEmbeddedServletContainer] [main] [201] [INFO ] Tomcat started on port(s): 1990 (http)
[2020-06-16 09:40:19.019] [org.springframework.boot.StartupInfoLogger] [main] [57] [INFO ] Started DemoApplication in 6.001 seconds (JVM running for 8.643)
[2020-06-16 09:41:50.050] [org.apache.juli.logging.DirectJDKLog] [http-nio-1990-exec-1] [179] [INFO ] Initializing Spring FrameworkServlet 'dispatcherServlet'
[2020-06-16 09:41:50.050] [org.springframework.web.servlet.FrameworkServlet] [http-nio-1990-exec-1] [489] [INFO ] FrameworkServlet 'dispatcherServlet': initialization started
[2020-06-16 09:41:50.050] [org.springframework.web.servlet.FrameworkServlet] [http-nio-1990-exec-1] [508] [INFO ] FrameworkServlet 'dispatcherServlet': initialization completed in 35 ms
[2020-06-16 09:41:57.057] [org.springframework.context.support.AbstractApplicationContext] [Thread-15] [984] [INFO ] Closing org.springframework.boot.context.embedded.AnnotationConfigEmbeddedWebApplicationContext@3eb81efb: startup date [Tue Jun 16 09:40:14 CST 2020]; root of context hierarchy
[2020-06-16 09:41:57.057] [org.springframework.context.support.DefaultLifecycleProcessor$LifecycleGroup] [Thread-15] [358] [INFO ] Stopping beans in phase 2147483647
[2020-06-16 09:41:57.057] [org.springframework.jmx.export.MBeanExporter] [Thread-15] [449] [INFO ] Unregistering JMX-exposed beans on shutdown
[2020-06-16 09:41:57.057] [org.springframework.scheduling.concurrent.ExecutorConfigurationSupport] [Thread-15] [202] [INFO ] Shutting down ExecutorService 'taskExcutor'
